2015/07/17 15:25:15 INFO  - jmeter.util.JMeterUtils: Setting Locale to en_US 
2015/07/17 15:25:15 INFO  - jmeter.JMeter: Loading user properties from: C:\apache-jmeter-2.12\bin\user.properties 
2015/07/17 15:25:15 INFO  - jmeter.JMeter: Loading system properties from: C:\apache-jmeter-2.12\bin\system.properties 
2015/07/17 15:25:15 INFO  - jmeter.JMeter: Copyright (c) 1998-2014 The Apache Software Foundation 
2015/07/17 15:25:15 INFO  - jmeter.JMeter: Version 2.12 r1636949 
2015/07/17 15:25:15 INFO  - jmeter.JMeter: java.version=1.7.0_67 
2015/07/17 15:25:15 INFO  - jmeter.JMeter: java.vm.name=Java HotSpot(TM) 64-Bit Server VM 
2015/07/17 15:25:15 INFO  - jmeter.JMeter: os.name=Windows 7 
2015/07/17 15:25:15 INFO  - jmeter.JMeter: os.arch=amd64 
2015/07/17 15:25:15 INFO  - jmeter.JMeter: os.version=6.1 
2015/07/17 15:25:15 INFO  - jmeter.JMeter: file.encoding=Cp1252 
2015/07/17 15:25:15 INFO  - jmeter.JMeter: Default Locale=English (United States) 
2015/07/17 15:25:15 INFO  - jmeter.JMeter: JMeter  Locale=English (United States) 
2015/07/17 15:25:15 INFO  - jmeter.JMeter: JMeterHome=C:\apache-jmeter-2.12 
2015/07/17 15:25:15 INFO  - jmeter.JMeter: user.dir  =C:\apache-jmeter-2.12\bin 
2015/07/17 15:25:15 INFO  - jmeter.JMeter: PWD       =C:\apache-jmeter-2.12\bin 
2015/07/17 15:25:15 INFO  - jmeter.JMeter: IP: 10.254.104.53 Name: ADTSSAC01W-6627 FullName: ADTSSAC01W-6627.adtscore.net 
2015/07/17 15:25:15 INFO  - jmeter.JMeter: Loaded icon properties from org/apache/jmeter/images/icon.properties 
2015/07/17 15:25:16 INFO  - jmeter.engine.util.CompoundVariable: Note: Function class names must contain the string: '.functions.' 
2015/07/17 15:25:16 INFO  - jmeter.engine.util.CompoundVariable: Note: Function class names must not contain the string: '.gui.' 
2015/07/17 15:25:16 INFO  - jmeter.gui.action.LookAndFeelCommand: Using look and feel: javax.swing.plaf.metal.MetalLookAndFeel [Metal, CrossPlatform] 
2015/07/17 15:25:16 INFO  - jmeter.util.BSFTestElement: Registering JMeter version of JavaScript engine as work-round for BSF-22 
2015/07/17 15:25:16 INFO  - jmeter.protocol.http.sampler.HTTPSamplerBase: Cannot find .className property for htmlParser, using default 
2015/07/17 15:25:16 INFO  - jmeter.protocol.http.sampler.HTTPSamplerBase: Parser for text/html is  
2015/07/17 15:25:16 INFO  - jmeter.protocol.http.sampler.HTTPSamplerBase: Parser for application/xhtml+xml is  
2015/07/17 15:25:16 INFO  - jmeter.protocol.http.sampler.HTTPSamplerBase: Parser for application/xml is  
2015/07/17 15:25:16 INFO  - jmeter.protocol.http.sampler.HTTPSamplerBase: Parser for text/xml is  
2015/07/17 15:25:16 INFO  - jmeter.protocol.http.sampler.HTTPSamplerBase: Parser for text/vnd.wap.wml is org.apache.jmeter.protocol.http.parser.RegexpHTMLParser 
2015/07/17 15:25:16 INFO  - jmeter.gui.util.MenuFactory: Skipping org.apache.jmeter.protocol.http.control.gui.WebServiceSamplerGui 
2015/07/17 15:25:16 INFO  - jmeter.gui.util.MenuFactory: Skipping org.apache.jmeter.protocol.http.modifier.gui.ParamModifierGui 
2015/07/17 15:25:17 INFO  - jorphan.exec.KeyToolUtils: keytool found at 'keytool' 
2015/07/17 15:25:17 INFO  - jmeter.protocol.http.proxy.ProxyControl: HTTP(S) Test Script Recorder SSL Proxy will use keys that support embedded 3rd party resources in file C:\apache-jmeter-2.12\bin\proxyserver.jks 
2015/07/17 15:25:17 INFO  - jmeter.samplers.SampleResult: Note: Sample TimeStamps are START times 
2015/07/17 15:25:17 INFO  - jmeter.samplers.SampleResult: sampleresult.default.encoding is set to ISO-8859-1 
2015/07/17 15:25:17 INFO  - jmeter.samplers.SampleResult: sampleresult.useNanoTime=true 
2015/07/17 15:25:17 INFO  - jmeter.samplers.SampleResult: sampleresult.nanoThreadSleep=5000 
2015/07/17 15:25:23 INFO  - jmeter.services.FileServer: Default base='C:\apache-jmeter-2.12\bin' 
2015/07/17 15:25:23 INFO  - jmeter.gui.action.Load: Loading file: C:\apache-jmeter-2.12\bin\CSV Data Set ConfigTEST.jmx 
2015/07/17 15:25:23 INFO  - jmeter.services.FileServer: Set new base='C:\apache-jmeter-2.12\bin' 
2015/07/17 15:25:23 INFO  - jmeter.save.SaveService: Testplan (JMX) version: 2.2. Testlog (JTL) version: 2.2 
2015/07/17 15:25:23 INFO  - jmeter.save.SaveService: Using SaveService properties file encoding UTF-8 
2015/07/17 15:25:23 INFO  - jmeter.save.SaveService: Using SaveService properties version 2.7 
2015/07/17 15:25:23 INFO  - jmeter.save.SaveService: Using SaveService properties file version 1618048 
2015/07/17 15:25:23 INFO  - jmeter.save.SaveService: All converter versions present and correct 
2015/07/17 15:25:23 INFO  - jmeter.services.FileServer: Set new base='C:\apache-jmeter-2.12\bin' 
2015/07/17 15:25:36 INFO  - jmeter.engine.StandardJMeterEngine: Listeners will be started after enabling running version 
2015/07/17 15:25:36 INFO  - jmeter.engine.StandardJMeterEngine: To revert to the earlier behaviour, define jmeterengine.startlistenerslater=false 
2015/07/17 15:25:36 INFO  - jmeter.engine.StandardJMeterEngine: Running the test! 
2015/07/17 15:25:36 INFO  - jmeter.samplers.SampleEvent: List of sample_variables: [] 
2015/07/17 15:25:36 INFO  - jmeter.samplers.SampleEvent: List of sample_variables: [] 
2015/07/17 15:25:36 INFO  - jmeter.gui.util.JMeterMenuBar: setRunning(true,*local*) 
2015/07/17 15:25:36 INFO  - jmeter.engine.StandardJMeterEngine: Starting ThreadGroup: 1 : Thread Group 
2015/07/17 15:25:36 INFO  - jmeter.engine.StandardJMeterEngine: Starting 1 threads for group Thread Group. 
2015/07/17 15:25:36 INFO  - jmeter.engine.StandardJMeterEngine: Thread will continue on error 
2015/07/17 15:25:36 INFO  - jmeter.threads.ThreadGroup: Starting thread group number 1 threads 1 ramp-up 1 perThread 1000.0 delayedStart=false 
2015/07/17 15:25:36 INFO  - jmeter.threads.JMeterThread: jmeterthread.startearlier=true (see jmeter.properties) 
2015/07/17 15:25:36 INFO  - jmeter.threads.JMeterThread: Running PostProcessors in forward order 
2015/07/17 15:25:36 INFO  - jmeter.threads.ThreadGroup: Started thread group number 1 
2015/07/17 15:25:36 INFO  - jmeter.engine.StandardJMeterEngine: All thread groups have been started 
2015/07/17 15:25:36 INFO  - jmeter.threads.JMeterThread: Thread started: Thread Group 1-1 
2015/07/17 15:25:36 INFO  - jmeter.services.FileServer: Stored: c:\sample.csv 
2015/07/17 15:25:36 INFO  - jmeter.protocol.http.sampler.HTTPHCAbstractImpl: Local host = ADTSSAC01W-6627 
2015/07/17 15:25:36 INFO  - jmeter.protocol.http.sampler.HTTPHC4Impl: HTTP request retry count = 0 
2015/07/17 15:25:36 INFO  - jmeter.protocol.http.sampler.HTTPHC4Impl: Setting up HTTPS TrustAll scheme 
2015/07/17 15:25:36 INFO  - jmeter.util.JsseSSLManager: Using default SSL protocol: TLS 
2015/07/17 15:25:36 INFO  - jmeter.util.JsseSSLManager: SSL session context: per-thread 
2015/07/17 15:25:37 INFO  - jmeter.threads.JMeterThread: Thread is done: Thread Group 1-1 
2015/07/17 15:25:37 INFO  - jmeter.threads.JMeterThread: Thread finished: Thread Group 1-1 
2015/07/17 15:25:37 INFO  - jmeter.engine.StandardJMeterEngine: Notifying test listeners of end of test 
2015/07/17 15:25:37 INFO  - jmeter.services.FileServer: Close: c:\sample.csv 
2015/07/17 15:25:37 INFO  - jmeter.gui.util.JMeterMenuBar: setRunning(false,*local*) 
2015/07/17 15:27:26 INFO  - jmeter.engine.StandardJMeterEngine: Running the test! 
2015/07/17 15:27:26 INFO  - jmeter.samplers.SampleEvent: List of sample_variables: [] 
2015/07/17 15:27:26 INFO  - jmeter.gui.util.JMeterMenuBar: setRunning(true,*local*) 
2015/07/17 15:27:26 INFO  - jmeter.engine.StandardJMeterEngine: Starting ThreadGroup: 1 : Thread Group 
2015/07/17 15:27:26 INFO  - jmeter.engine.StandardJMeterEngine: Starting 1 threads for group Thread Group. 
2015/07/17 15:27:26 INFO  - jmeter.engine.StandardJMeterEngine: Thread will continue on error 
2015/07/17 15:27:26 INFO  - jmeter.threads.ThreadGroup: Starting thread group number 1 threads 1 ramp-up 1 perThread 1000.0 delayedStart=false 
2015/07/17 15:27:26 INFO  - jmeter.threads.ThreadGroup: Started thread group number 1 
2015/07/17 15:27:26 INFO  - jmeter.engine.StandardJMeterEngine: All thread groups have been started 
2015/07/17 15:27:26 INFO  - jmeter.threads.JMeterThread: Thread started: Thread Group 1-1 
2015/07/17 15:27:26 INFO  - jmeter.services.FileServer: Stored: c:\sample.csv 
2015/07/17 15:27:26 INFO  - jmeter.threads.JMeterThread: Thread is done: Thread Group 1-1 
2015/07/17 15:27:26 INFO  - jmeter.threads.JMeterThread: Thread finished: Thread Group 1-1 
2015/07/17 15:27:26 INFO  - jmeter.engine.StandardJMeterEngine: Notifying test listeners of end of test 
2015/07/17 15:27:26 INFO  - jmeter.services.FileServer: Close: c:\sample.csv 
2015/07/17 15:27:26 INFO  - jmeter.gui.util.JMeterMenuBar: setRunning(false,*local*) 
2015/07/17 15:27:48 INFO  - jmeter.engine.StandardJMeterEngine: Running the test! 
2015/07/17 15:27:48 INFO  - jmeter.samplers.SampleEvent: List of sample_variables: [] 
2015/07/17 15:27:48 INFO  - jmeter.gui.util.JMeterMenuBar: setRunning(true,*local*) 
2015/07/17 15:27:48 INFO  - jmeter.engine.StandardJMeterEngine: Starting ThreadGroup: 1 : Thread Group 
2015/07/17 15:27:48 INFO  - jmeter.engine.StandardJMeterEngine: Starting 1 threads for group Thread Group. 
2015/07/17 15:27:48 INFO  - jmeter.engine.StandardJMeterEngine: Thread will continue on error 
2015/07/17 15:27:48 INFO  - jmeter.threads.ThreadGroup: Starting thread group number 1 threads 1 ramp-up 1 perThread 1000.0 delayedStart=false 
2015/07/17 15:27:48 INFO  - jmeter.threads.ThreadGroup: Started thread group number 1 
2015/07/17 15:27:48 INFO  - jmeter.engine.StandardJMeterEngine: All thread groups have been started 
2015/07/17 15:27:48 INFO  - jmeter.threads.JMeterThread: Thread started: Thread Group 1-1 
2015/07/17 15:27:48 INFO  - jmeter.services.FileServer: Stored: sample.csv 
2015/07/17 15:27:48 ERROR - jmeter.config.CSVDataSet: java.io.FileNotFoundException: C:\apache-jmeter-2.12\bin\sample.csv (The system cannot find the file specified) 
2015/07/17 15:27:48 INFO  - jmeter.threads.JMeterThread: Thread is done: Thread Group 1-1 
2015/07/17 15:27:48 INFO  - jmeter.threads.JMeterThread: Thread finished: Thread Group 1-1 
2015/07/17 15:27:48 INFO  - jmeter.engine.StandardJMeterEngine: Notifying test listeners of end of test 
2015/07/17 15:27:48 INFO  - jmeter.gui.util.JMeterMenuBar: setRunning(false,*local*) 
2015/07/17 15:29:06 INFO  - jmeter.engine.StandardJMeterEngine: Running the test! 
2015/07/17 15:29:06 INFO  - jmeter.samplers.SampleEvent: List of sample_variables: [] 
2015/07/17 15:29:06 INFO  - jmeter.gui.util.JMeterMenuBar: setRunning(true,*local*) 
2015/07/17 15:29:07 INFO  - jmeter.engine.StandardJMeterEngine: Starting ThreadGroup: 1 : Thread Group 
2015/07/17 15:29:07 INFO  - jmeter.engine.StandardJMeterEngine: Starting 1 threads for group Thread Group. 
2015/07/17 15:29:07 INFO  - jmeter.engine.StandardJMeterEngine: Thread will continue on error 
2015/07/17 15:29:07 INFO  - jmeter.threads.ThreadGroup: Starting thread group number 1 threads 1 ramp-up 1 perThread 1000.0 delayedStart=false 
2015/07/17 15:29:07 INFO  - jmeter.threads.ThreadGroup: Started thread group number 1 
2015/07/17 15:29:07 INFO  - jmeter.engine.StandardJMeterEngine: All thread groups have been started 
2015/07/17 15:29:07 INFO  - jmeter.threads.JMeterThread: Thread started: Thread Group 1-1 
2015/07/17 15:29:07 INFO  - jmeter.services.FileServer: Stored: sample.csv 
2015/07/17 15:29:07 INFO  - jmeter.threads.JMeterThread: Thread is done: Thread Group 1-1 
2015/07/17 15:29:07 INFO  - jmeter.threads.JMeterThread: Thread finished: Thread Group 1-1 
2015/07/17 15:29:07 INFO  - jmeter.engine.StandardJMeterEngine: Notifying test listeners of end of test 
2015/07/17 15:29:07 INFO  - jmeter.services.FileServer: Close: sample.csv 
2015/07/17 15:29:07 INFO  - jmeter.gui.util.JMeterMenuBar: setRunning(false,*local*) 
2015/07/17 15:29:41 INFO  - jmeter.engine.StandardJMeterEngine: Running the test! 
2015/07/17 15:29:41 INFO  - jmeter.samplers.SampleEvent: List of sample_variables: [] 
2015/07/17 15:29:41 INFO  - jmeter.gui.util.JMeterMenuBar: setRunning(true,*local*) 
2015/07/17 15:29:41 INFO  - jmeter.engine.StandardJMeterEngine: Starting ThreadGroup: 1 : Thread Group 
2015/07/17 15:29:41 INFO  - jmeter.engine.StandardJMeterEngine: Starting 1 threads for group Thread Group. 
2015/07/17 15:29:41 INFO  - jmeter.engine.StandardJMeterEngine: Thread will continue on error 
2015/07/17 15:29:41 INFO  - jmeter.threads.ThreadGroup: Starting thread group number 1 threads 1 ramp-up 1 perThread 1000.0 delayedStart=false 
2015/07/17 15:29:41 INFO  - jmeter.threads.ThreadGroup: Started thread group number 1 
2015/07/17 15:29:41 INFO  - jmeter.engine.StandardJMeterEngine: All thread groups have been started 
2015/07/17 15:29:41 INFO  - jmeter.threads.JMeterThread: Thread started: Thread Group 1-1 
2015/07/17 15:29:41 INFO  - jmeter.services.FileServer: Stored: sample.csv 
2015/07/17 15:29:41 INFO  - jmeter.threads.JMeterThread: Thread is done: Thread Group 1-1 
2015/07/17 15:29:41 INFO  - jmeter.threads.JMeterThread: Thread finished: Thread Group 1-1 
2015/07/17 15:29:41 INFO  - jmeter.engine.StandardJMeterEngine: Notifying test listeners of end of test 
2015/07/17 15:29:41 INFO  - jmeter.services.FileServer: Close: sample.csv 
2015/07/17 15:29:41 INFO  - jmeter.gui.util.JMeterMenuBar: setRunning(false,*local*) 
2015/07/17 15:31:32 INFO  - jmeter.engine.StandardJMeterEngine: Running the test! 
2015/07/17 15:31:32 INFO  - jmeter.samplers.SampleEvent: List of sample_variables: [] 
2015/07/17 15:31:32 INFO  - jmeter.gui.util.JMeterMenuBar: setRunning(true,*local*) 
2015/07/17 15:31:32 INFO  - jmeter.engine.StandardJMeterEngine: Starting ThreadGroup: 1 : Thread Group 
2015/07/17 15:31:32 INFO  - jmeter.engine.StandardJMeterEngine: Starting 1 threads for group Thread Group. 
2015/07/17 15:31:32 INFO  - jmeter.engine.StandardJMeterEngine: Thread will continue on error 
2015/07/17 15:31:32 INFO  - jmeter.threads.ThreadGroup: Starting thread group number 1 threads 1 ramp-up 1 perThread 1000.0 delayedStart=false 
2015/07/17 15:31:32 INFO  - jmeter.threads.ThreadGroup: Started thread group number 1 
2015/07/17 15:31:32 INFO  - jmeter.engine.StandardJMeterEngine: All thread groups have been started 
2015/07/17 15:31:32 INFO  - jmeter.threads.JMeterThread: Thread started: Thread Group 1-1 
2015/07/17 15:31:32 INFO  - jmeter.services.FileServer: Stored: sample.csv 
2015/07/17 15:31:32 INFO  - jmeter.threads.JMeterThread: Thread is done: Thread Group 1-1 
2015/07/17 15:31:32 INFO  - jmeter.threads.JMeterThread: Thread finished: Thread Group 1-1 
2015/07/17 15:31:32 INFO  - jmeter.engine.StandardJMeterEngine: Notifying test listeners of end of test 
2015/07/17 15:31:32 INFO  - jmeter.services.FileServer: Close: sample.csv 
2015/07/17 15:31:32 INFO  - jmeter.gui.util.JMeterMenuBar: setRunning(false,*local*) 
2015/07/17 15:32:12 INFO  - jmeter.engine.StandardJMeterEngine: Running the test! 
2015/07/17 15:32:12 INFO  - jmeter.samplers.SampleEvent: List of sample_variables: [] 
2015/07/17 15:32:12 INFO  - jmeter.gui.util.JMeterMenuBar: setRunning(true,*local*) 
2015/07/17 15:32:12 INFO  - jmeter.engine.StandardJMeterEngine: Starting ThreadGroup: 1 : Thread Group 
2015/07/17 15:32:12 INFO  - jmeter.engine.StandardJMeterEngine: Starting 1 threads for group Thread Group. 
2015/07/17 15:32:12 INFO  - jmeter.engine.StandardJMeterEngine: Thread will continue on error 
2015/07/17 15:32:12 INFO  - jmeter.threads.ThreadGroup: Starting thread group number 1 threads 1 ramp-up 1 perThread 1000.0 delayedStart=false 
2015/07/17 15:32:12 INFO  - jmeter.threads.ThreadGroup: Started thread group number 1 
2015/07/17 15:32:12 INFO  - jmeter.engine.StandardJMeterEngine: All thread groups have been started 
2015/07/17 15:32:12 INFO  - jmeter.threads.JMeterThread: Thread started: Thread Group 1-1 
2015/07/17 15:32:12 INFO  - jmeter.services.FileServer: Stored: sample.csv 
2015/07/17 15:32:12 INFO  - jmeter.threads.JMeterThread: Thread is done: Thread Group 1-1 
2015/07/17 15:32:12 INFO  - jmeter.threads.JMeterThread: Thread finished: Thread Group 1-1 
2015/07/17 15:32:12 INFO  - jmeter.engine.StandardJMeterEngine: Notifying test listeners of end of test 
2015/07/17 15:32:12 INFO  - jmeter.services.FileServer: Close: sample.csv 
2015/07/17 15:32:12 INFO  - jmeter.gui.util.JMeterMenuBar: setRunning(false,*local*) 
2015/07/17 15:32:13 INFO  - jmeter.engine.StandardJMeterEngine: Running the test! 
2015/07/17 15:32:13 INFO  - jmeter.samplers.SampleEvent: List of sample_variables: [] 
2015/07/17 15:32:13 INFO  - jmeter.gui.util.JMeterMenuBar: setRunning(true,*local*) 
2015/07/17 15:32:13 INFO  - jmeter.engine.StandardJMeterEngine: Starting ThreadGroup: 1 : Thread Group 
2015/07/17 15:32:13 INFO  - jmeter.engine.StandardJMeterEngine: Starting 1 threads for group Thread Group. 
2015/07/17 15:32:13 INFO  - jmeter.engine.StandardJMeterEngine: Thread will continue on error 
2015/07/17 15:32:13 INFO  - jmeter.threads.ThreadGroup: Starting thread group number 1 threads 1 ramp-up 1 perThread 1000.0 delayedStart=false 
2015/07/17 15:32:13 INFO  - jmeter.threads.ThreadGroup: Started thread group number 1 
2015/07/17 15:32:13 INFO  - jmeter.engine.StandardJMeterEngine: All thread groups have been started 
2015/07/17 15:32:13 INFO  - jmeter.threads.JMeterThread: Thread started: Thread Group 1-1 
2015/07/17 15:32:13 INFO  - jmeter.services.FileServer: Stored: sample.csv 
2015/07/17 15:32:13 INFO  - jmeter.threads.JMeterThread: Thread is done: Thread Group 1-1 
2015/07/17 15:32:13 INFO  - jmeter.threads.JMeterThread: Thread finished: Thread Group 1-1 
2015/07/17 15:32:13 INFO  - jmeter.engine.StandardJMeterEngine: Notifying test listeners of end of test 
2015/07/17 15:32:13 INFO  - jmeter.services.FileServer: Close: sample.csv 
2015/07/17 15:32:13 INFO  - jmeter.gui.util.JMeterMenuBar: setRunning(false,*local*) 
2015/07/17 15:32:13 INFO  - jmeter.engine.StandardJMeterEngine: Running the test! 
2015/07/17 15:32:13 INFO  - jmeter.samplers.SampleEvent: List of sample_variables: [] 
2015/07/17 15:32:13 INFO  - jmeter.gui.util.JMeterMenuBar: setRunning(true,*local*) 
2015/07/17 15:32:13 INFO  - jmeter.engine.StandardJMeterEngine: Starting ThreadGroup: 1 : Thread Group 
2015/07/17 15:32:13 INFO  - jmeter.engine.StandardJMeterEngine: Starting 1 threads for group Thread Group. 
2015/07/17 15:32:13 INFO  - jmeter.engine.StandardJMeterEngine: Thread will continue on error 
2015/07/17 15:32:13 INFO  - jmeter.threads.ThreadGroup: Starting thread group number 1 threads 1 ramp-up 1 perThread 1000.0 delayedStart=false 
2015/07/17 15:32:13 INFO  - jmeter.threads.ThreadGroup: Started thread group number 1 
2015/07/17 15:32:13 INFO  - jmeter.engine.StandardJMeterEngine: All thread groups have been started 
2015/07/17 15:32:13 INFO  - jmeter.threads.JMeterThread: Thread started: Thread Group 1-1 
2015/07/17 15:32:13 INFO  - jmeter.services.FileServer: Stored: sample.csv 
2015/07/17 15:32:13 INFO  - jmeter.threads.JMeterThread: Thread is done: Thread Group 1-1 
2015/07/17 15:32:13 INFO  - jmeter.threads.JMeterThread: Thread finished: Thread Group 1-1 
2015/07/17 15:32:13 INFO  - jmeter.engine.StandardJMeterEngine: Notifying test listeners of end of test 
2015/07/17 15:32:13 INFO  - jmeter.services.FileServer: Close: sample.csv 
2015/07/17 15:32:13 INFO  - jmeter.gui.util.JMeterMenuBar: setRunning(false,*local*) 
